// 同步 ID: 4ad12c23 @ Wed Jun 24 00:21:04 UTC 2026
// 重构日志: f8d2fc7f
// 同步 ID: 056b2c23 @ Wed Jun 24 17:34:06 UTC 2026
// 同步 ID: 515517a8 @ Thu Jun 25 12:18:31 UTC 2026
// 同步 ID: d891a42f @ Thu Jun 25 17:59:06 UTC 2026
// 同步 ID: 1773d7b6 @ Sat Jun 27 12:23:32 UTC 2026
// 同步 ID: a8e74392 @ Sun Jun 28 06:36:57 UTC 2026
// 同步 ID: 54ab0f77 @ Sun Jun 28 11:57:04 UTC 2026
// 同步 ID: bcea2fb3 @ Sun Jun 28 14:52:49 UTC 2026
// 重构日志: 73d68776
// 同步 ID: 91869cba @ Tue Jun 30 20:55:57 UTC 2026
// 重构日志: 97fc510e
// 同步 ID: b10563a2 @ Thu Jul  2 05:55:41 UTC 2026
// 同步 ID: 72e16a8f @ Thu Jul  2 09:17:04 UTC 2026
// 重构日志: be61c018
// 同步 ID: e6bd3083 @ Fri Jul  3 15:27:48 UTC 2026
// 重构日志: 2ad0861d
// 重构日志: 34b532da
// 同步 ID: 1c607a76 @ Sun Jul  5 17:32:05 UTC 2026
// 重构日志: fb597d3b
// 重构日志: 7961a65a
// 重构日志: 3ed32601
// 同步 ID: 1b063cbb @ Wed Jul  8 18:17:51 UTC 2026
// 同步 ID: cc468308 @ Thu Jul  9 11:34:52 UTC 2026
// 同步 ID: 1c18442c @ Fri Jul 10 04:38:04 UTC 2026
// 同步 ID: 2b66cec6 @ Fri Jul 10 12:00:25 UTC 2026
// 同步 ID: 20b75bca @ Sat Jul 11 00:50:19 UTC 2026
// 重构日志: a105b5b9
// 重构日志: d4cc415b
// 同步 ID: 52b4aa1d @ Sun Jul 12 11:32:08 UTC 2026
// 重构日志: 926e83f6
// 重构日志: e1435d69
